-------------------------------------------------------------------------------
Test set: com.falkonry.TestCreateEventbuffer
-------------------------------------------------------------------------------
Tests run: 6, Failures: 0, Errors: 6, Skipped: 0, Time elapsed: 0.936 sec <<< FAILURE! - in com.falkonry.TestCreateEventbuffer
createEventbufferWithJsonData(com.falkonry.TestCreateEventbuffer)  Time elapsed: 0.399 sec  <<< ERROR!
java.io.IOException: Server returned non-OK status: 406
	at com.falkonry.client.service.MultipartUtility.finish(HttpService.java:135)
	at com.falkonry.client.service.HttpService.fpost(HttpService.java:343)
	at com.falkonry.client.service.FalkonryService.createEventbuffer(FalkonryService.java:39)
	at com.falkonry.client.Falkonry.createEventbuffer(Falkonry.java:25)
	at com.falkonry.TestCreateEventbuffer.createEventbufferWithJsonData(TestCreateEventbuffer.java:54)

createEventbufferWithCsvData(com.falkonry.TestCreateEventbuffer)  Time elapsed: 0.171 sec  <<< ERROR!
java.io.IOException: Server returned non-OK status: 406
	at com.falkonry.client.service.MultipartUtility.finish(HttpService.java:135)
	at com.falkonry.client.service.HttpService.fpost(HttpService.java:343)
	at com.falkonry.client.service.FalkonryService.createEventbuffer(FalkonryService.java:39)
	at com.falkonry.client.Falkonry.createEventbuffer(Falkonry.java:25)
	at com.falkonry.TestCreateEventbuffer.createEventbufferWithCsvData(TestCreateEventbuffer.java:71)

createEventbufferWithMqttSubscriptionForHistorianData(com.falkonry.TestCreateEventbuffer)  Time elapsed: 0.089 sec  <<< ERROR!
java.io.IOException: Server returned non-OK status: 406
	at com.falkonry.client.service.MultipartUtility.finish(HttpService.java:135)
	at com.falkonry.client.service.HttpService.fpost(HttpService.java:343)
	at com.falkonry.client.service.FalkonryService.createEventbuffer(FalkonryService.java:45)
	at com.falkonry.client.Falkonry.createEventbuffer(Falkonry.java:25)
	at com.falkonry.TestCreateEventbuffer.createEventbufferWithMqttSubscriptionForHistorianData(TestCreateEventbuffer.java:154)

createEventbufferWithMqttSubscription(com.falkonry.TestCreateEventbuffer)  Time elapsed: 0.074 sec  <<< ERROR!
java.io.IOException: Server returned non-OK status: 406
	at com.falkonry.client.service.MultipartUtility.finish(HttpService.java:135)
	at com.falkonry.client.service.HttpService.fpost(HttpService.java:343)
	at com.falkonry.client.service.FalkonryService.createEventbuffer(FalkonryService.java:45)
	at com.falkonry.client.Falkonry.createEventbuffer(Falkonry.java:25)
	at com.falkonry.TestCreateEventbuffer.createEventbufferWithMqttSubscription(TestCreateEventbuffer.java:96)

createEventbuffer(com.falkonry.TestCreateEventbuffer)  Time elapsed: 0.076 sec  <<< ERROR!
java.io.IOException: Server returned non-OK status: 406
	at com.falkonry.client.service.MultipartUtility.finish(HttpService.java:135)
	at com.falkonry.client.service.HttpService.fpost(HttpService.java:343)
	at com.falkonry.client.service.FalkonryService.createEventbuffer(FalkonryService.java:45)
	at com.falkonry.client.Falkonry.createEventbuffer(Falkonry.java:25)
	at com.falkonry.TestCreateEventbuffer.createEventbuffer(TestCreateEventbuffer.java:37)

createEventbufferWithOutflowSubscription(com.falkonry.TestCreateEventbuffer)  Time elapsed: 0.076 sec  <<< ERROR!
java.io.IOException: Server returned non-OK status: 406
	at com.falkonry.client.service.MultipartUtility.finish(HttpService.java:135)
	at com.falkonry.client.service.HttpService.fpost(HttpService.java:343)
	at com.falkonry.client.service.FalkonryService.createEventbuffer(FalkonryService.java:45)
	at com.falkonry.client.Falkonry.createEventbuffer(Falkonry.java:25)
	at com.falkonry.TestCreateEventbuffer.createEventbufferWithOutflowSubscription(TestCreateEventbuffer.java:123)

